<?xml version="1.0" encoding="UTF-8"?>
<!-- Generated by org.testng.reporters.JUnitReportReporter -->
<testsuite hostname="HarishGajjela" failures="0" tests="1" name="tests.swagLabsTest" time="5.877" errors="0" timestamp="2023-07-08T00:37:59 IST" skipped="0">
  <testcase classname="tests.swagLabsTest" name="verifySauceDemo_ThankYouOrderTest" time="5.877"/>
  <system-out/>
</testsuite> <!-- tests.swagLabsTest -->
